0 info it worked if it ends with ok
1 verbose cli [ '/usr/bin/nodejs', '/usr/bin/npm', 'shrinkwrap', '--dev' ]
2 info using npm@3.10.10
3 info using node@v6.10.2
4 info lifecycle shiny-volunteers@1.0.0~preshrinkwrap: shiny-volunteers@1.0.0
5 silly lifecycle shiny-volunteers@1.0.0~preshrinkwrap: no script for preshrinkwrap, continuing
6 info lifecycle shiny-volunteers@1.0.0~shrinkwrap: shiny-volunteers@1.0.0
7 silly lifecycle shiny-volunteers@1.0.0~shrinkwrap: no script for shrinkwrap, continuing
8 verbose stack Error: Problems were encountered
8 verbose stack Please correct and try again.
8 verbose stack peer invalid: react-router@>= 2.5.1 < 4.0.0, required by react-router-role-authorization@1.1.3
8 verbose stack     at shrinkwrap_ (/usr/lib/node_modules/npm/lib/shrinkwrap.js:128:15)
8 verbose stack     at Array.<anonymous> (/usr/lib/node_modules/npm/node_modules/slide/lib/bind-actor.js:15:8)
8 verbose stack     at LOOP (/usr/lib/node_modules/npm/node_modules/slide/lib/chain.js:15:14)
8 verbose stack     at /usr/lib/node_modules/npm/node_modules/slide/lib/chain.js:18:7
8 verbose stack     at done (/usr/lib/node_modules/npm/lib/utils/lifecycle.js:132:5)
8 verbose stack     at LOOP (/usr/lib/node_modules/npm/node_modules/slide/lib/chain.js:7:26)
8 verbose stack     at /usr/lib/node_modules/npm/node_modules/slide/lib/chain.js:18:7
8 verbose stack     at /usr/lib/node_modules/npm/lib/utils/lifecycle.js:294:20
8 verbose stack     at /usr/lib/node_modules/npm/node_modules/graceful-fs/polyfills.js:264:29
8 verbose stack     at FSReqWrap.oncomplete (fs.js:123:15)
9 verbose cwd /media/molly/DATA/code/1dv430/code/ma222jp-project
10 error Linux 4.8.0-49-generic
11 error argv "/usr/bin/nodejs" "/usr/bin/npm" "shrinkwrap" "--dev"
12 error node v6.10.2
13 error npm  v3.10.10
14 error Problems were encountered
14 error Please correct and try again.
14 error peer invalid: react-router@>= 2.5.1 < 4.0.0, required by react-router-role-authorization@1.1.3
15 error If you need help, you may report this error at:
15 error     <https://github.com/npm/npm/issues>
16 verbose exit [ 1, true ]
